2023-12-21T22:07:29.406Z 0: 

----------------------------------------------
2023-12-21T22:07:29.452Z 1: Discord starting: {"releaseChannel":"stable","version":"0.0.39"}, modulepath: /home/glandry/.config/discord/0.0.39/modules
2023-12-21T22:07:29.467Z 2: ✅ webContents.created web1 ""
2023-12-21T22:07:29.480Z 3: ✅ window.created win1 "discord"
2023-12-21T22:07:29.845Z 4: ✅ webContents.did-finish-load web1
2023-12-21T22:07:38.426Z 5: ✅ webContents.created web2 ""
2023-12-21T22:07:38.442Z 6: ✅ window.created win2 "Discord"
2023-12-21T22:07:45.886Z 7: ✅ webContents.did-finish-load web2
2023-12-21T22:07:45.985Z 8: window.close win1
2023-12-21T22:07:45.992Z 9: webContents.destroyed web1
2023-12-21T22:07:45.994Z 10: window.closed win1
2023-12-21T23:06:23.744Z 11: window.close win2
2023-12-21T23:06:28.638Z 12: before-quit
2023-12-21T23:06:28.652Z 13: window.close win2
2023-12-21T23:06:28.670Z 14: webContents.destroyed web2
2023-12-21T23:06:28.698Z 15: window.closed win2
2023-12-24T08:55:11.668Z 0: 

----------------------------------------------
2023-12-24T08:55:11.682Z 1: Discord starting: {"releaseChannel":"stable","version":"0.0.39"}, modulepath: /home/glandry/.config/discord/0.0.39/modules
2023-12-24T08:55:11.714Z 2: ✅ webContents.created web1 ""
2023-12-24T08:55:11.720Z 3: ✅ window.created win1 "discord"
2023-12-24T08:55:11.932Z 4: ✅ webContents.did-finish-load web1
2023-12-24T08:55:12.120Z 5: ✅ webContents.created web2 ""
2023-12-24T08:55:12.130Z 6: ✅ window.created win2 "Discord"
2023-12-24T08:55:14.885Z 7: ✅ webContents.did-finish-load web2
2023-12-24T08:55:14.985Z 8: window.close win1
2023-12-24T08:55:14.997Z 9: webContents.destroyed web1
2023-12-24T08:55:14.999Z 10: window.closed win1
2023-12-24T08:55:38.051Z 11: window.close win2
2024-01-08T23:12:05.536Z 0: 

----------------------------------------------
2024-01-08T23:12:05.591Z 1: Discord starting: {"releaseChannel":"stable","version":"0.0.39"}, modulepath: /home/glandry/.config/discord/0.0.39/modules
2024-01-08T23:12:05.608Z 2: ✅ webContents.created web1 ""
2024-01-08T23:12:05.615Z 3: ✅ window.created win1 "discord"
2024-01-08T23:12:06.065Z 4: ✅ webContents.did-finish-load web1
2024-01-08T23:12:06.481Z 5: ✅ webContents.created web2 ""
2024-01-08T23:12:06.498Z 6: ✅ window.created win2 "Discord"
2024-01-08T23:12:11.819Z 7: ✅ webContents.did-finish-load web2
2024-01-08T23:12:11.919Z 8: window.close win1
2024-01-08T23:12:11.926Z 9: webContents.destroyed web1
2024-01-08T23:12:11.929Z 10: window.closed win1
2024-01-08T23:57:03.251Z 11: window.close win2
2024-01-08T23:58:25.715Z 0: 

----------------------------------------------
2024-01-08T23:58:25.727Z 1: Discord starting: {"releaseChannel":"stable","version":"0.0.39"}, modulepath: /home/glandry/.config/discord/0.0.39/modules
2024-01-09T00:10:44.028Z 12: window.close win2
2024-01-09T00:13:07.720Z 13: window.close win2
2024-01-09T00:13:12.245Z 14: before-quit
2024-01-09T00:13:12.258Z 15: window.close win2
2024-01-09T00:13:12.351Z 16: webContents.destroyed web2
2024-01-09T00:13:12.370Z 17: window.closed win2
